C:\USERS\MIKE\DOCUMENTS\VISUAL STUDIO 2012\PROJECTS\PLANETS\PLANETS\DEBUG\PLANETS.OBJ
C:\USERS\MIKE\DOCUMENTS\VISUAL STUDIO 2012\PROJECTS\PLANETS\PLANETS\DEBUG\VC110.PDB
C:\USERS\MIKE\DOCUMENTS\VISUAL STUDIO 2012\PROJECTS\PLANETS\DEBUG\PLANETS.ILK
C:\USERS\MIKE\DOCUMENTS\VISUAL STUDIO 2012\PROJECTS\PLANETS\DEBUG\PLANETS.EXE
C:\USERS\MIKE\DOCUMENTS\VISUAL STUDIO 2012\PROJECTS\PLANETS\DEBUG\PLANETS.PDB
C:\Users\Mike\Documents\Visual Studio 2012\Projects\Planets\Planets\Debug\Planets.obj
C:\Users\Mike\Documents\Visual Studio 2012\Projects\Planets\Planets\Debug\cl.command.1.tlog
C:\Users\Mike\Documents\Visual Studio 2012\Projects\Planets\Planets\Debug\CL.read.1.tlog
C:\Users\Mike\Documents\Visual Studio 2012\Projects\Planets\Planets\Debug\CL.write.1.tlog
C:\Users\Mike\Documents\Visual Studio 2012\Projects\Planets\Planets\Debug\link-cvtres.read.1.tlog
C:\Users\Mike\Documents\Visual Studio 2012\Projects\Planets\Planets\Debug\link-cvtres.write.1.tlog
C:\Users\Mike\Documents\Visual Studio 2012\Projects\Planets\Planets\Debug\link-rc.read.1.tlog
C:\Users\Mike\Documents\Visual Studio 2012\Projects\Planets\Planets\Debug\link-rc.write.1.tlog
C:\Users\Mike\Documents\Visual Studio 2012\Projects\Planets\Planets\Debug\link.command.1.tlog
C:\Users\Mike\Documents\Visual Studio 2012\Projects\Planets\Planets\Debug\link.read.1.tlog
C:\Users\Mike\Documents\Visual Studio 2012\Projects\Planets\Planets\Debug\link.write.1.tlog
C:\Users\Mike\Documents\Visual Studio 2012\Projects\Planets\Planets\Debug\vc110.idb
C:\Users\Mike\Documents\Visual Studio 2012\Projects\Planets\Planets\Debug\vc110.pdb
C:\Users\Mike\Documents\Visual Studio 2012\Projects\Planets\Debug\Planets.pdb
C:\Users\Mike\Documents\Visual Studio 2012\Projects\Planets\Debug\Planets.exe
C:\Users\Mike\Documents\Visual Studio 2012\Projects\Planets\Debug\Planets.ilk
