Build started 10/03/2014 4:55:44 PM.
     1>Project "C:\Users\Mike\Documents\Visual Studio 2012\Projects\Planets\Planets\Planets.vcxproj" on node 2 (Build target(s)).
     1>ClCompile:
         C:\Program Files (x86)\Microsoft Visual Studio 11.0\VC\bin\CL.exe /c /I"C:\Users\Mike\Documents\glew-1.10.0\include" /IC:\Users\Mike\Documents\freeglut\include /IC:\Users\Mike\Documents\freeglut\include /I"C:\Users\Mike\Documents\glew-1.10.0\include" /ZI /nologo /W3 /WX- /sdl /Od /Oy- /D WIN32 /D _DEBUG /D _CONSOLE /D _UNICODE /D UNICODE /Gm /EHsc /RTC1 /MDd /GS /fp:precise /Zc:wchar_t /Zc:forScope /Fo"Debug\\" /Fd"Debug\vc110.pdb" /Gd /TC /analyze- /errorReport:prompt Planets.c
         Planets.c
     1>c:\users\mike\documents\visual studio 2012\projects\planets\planets\planets.c(319): warning C4244: 'function' : conversion from 'time_t' to 'unsigned int', possible loss of data
     1>c:\users\mike\documents\visual studio 2012\projects\planets\planets\planets.c(327): warning C4244: '=' : conversion from 'int' to 'GLfloat', possible loss of data
     1>c:\users\mike\documents\visual studio 2012\projects\planets\planets\planets.c(328): warning C4244: '=' : conversion from 'int' to 'GLfloat', possible loss of data
     1>c:\users\mike\documents\visual studio 2012\projects\planets\planets\planets.c(498): warning C4244: 'function' : conversion from 'double' to 'GLfloat', possible loss of data
     1>c:\users\mike\documents\visual studio 2012\projects\planets\planets\planets.c(687): warning C4244: 'function' : conversion from 'double' to 'GLfloat', possible loss of data
     1>c:\users\mike\documents\visual studio 2012\projects\planets\planets\planets.c(690): warning C4244: 'function' : conversion from 'double' to 'GLfloat', possible loss of data
     1>c:\users\mike\documents\visual studio 2012\projects\planets\planets\planets.c(707): warning C4244: '=' : conversion from 'int' to 'GLfloat', possible loss of data
     1>c:\users\mike\documents\visual studio 2012\projects\planets\planets\planets.c(708): warning C4244: '=' : conversion from 'int' to 'GLfloat', possible loss of data
     1>c:\users\mike\documents\visual studio 2012\projects\planets\planets\planets.c(791): warning C4305: '-=' : truncation from 'double' to 'GLfloat'
     1>c:\users\mike\documents\visual studio 2012\projects\planets\planets\planets.c(793): warning C4305: '+=' : truncation from 'double' to 'GLfloat'
     1>c:\users\mike\documents\visual studio 2012\projects\planets\planets\planets.c(810): warning C4305: '+=' : truncation from 'double' to 'GLfloat'
     1>c:\users\mike\documents\visual studio 2012\projects\planets\planets\planets.c(1009): warning C4244: 'function' : conversion from 'float' to 'int', possible loss of data
       Link:
         C:\Program Files (x86)\Microsoft Visual Studio 11.0\VC\bin\link.exe /ERRORREPORT:PROMPT /OUT:"C:\Users\Mike\Documents\Visual Studio 2012\Projects\Planets\Debug\Planets.exe" /INCREMENTAL /NOLOGO /LIBPATH:C:\Users\Mike\Documents\freeglut\lib /LIBPATH:"C:\Users\Mike\Documents\glew-1.10.0\lib\Release\x64" kernel32.lib user32.lib gdi32.lib winspool.lib comdlg32.lib advapi32.lib shell32.lib ole32.lib oleaut32.lib uuid.lib odbc32.lib odbccp32.lib /MANIFEST /MANIFESTUAC:"level='asInvoker' uiAccess='false'" /manifest:embed /DEBUG /PDB:"C:\Users\Mike\Documents\Visual Studio 2012\Projects\Planets\Debug\Planets.pdb" /SUBSYSTEM:CONSOLE /TLBID:1 /DYNAMICBASE /NXCOMPAT /IMPLIB:"C:\Users\Mike\Documents\Visual Studio 2012\Projects\Planets\Debug\Planets.lib" /MACHINE:X86 Debug\Planets.obj
         Planets.vcxproj -> C:\Users\Mike\Documents\Visual Studio 2012\Projects\Planets\Debug\Planets.exe
     1>Done Building Project "C:\Users\Mike\Documents\Visual Studio 2012\Projects\Planets\Planets\Planets.vcxproj" (Build target(s)).

Build succeeded.

Time Elapsed 00:00:01.04
